2022-08-30 17:45:04 - [INFO] - {{EXTRACTING FILES}} Extracting compressed files in: /home/shahid/caravel_user_project_analog
2022-08-30 17:45:04 - [INFO] - {{Project Type Info}} analog
2022-08-30 17:45:04 - [INFO] - {{Project GDS Info}} user_analog_project_wrapper: 817269a7d4dacc622e7a05afc61c5507322d4115
2022-08-30 17:45:05 - [INFO] - {{Tools Info}} KLayout: v0.27.10 | Magic: v8.3.315
2022-08-30 17:45:05 - [INFO] - {{PDKs Info}} PDK: sky130A | Open PDKs: 27ecf1c16911f7dd4428ffab96f62c1fb876ea70 | Skywater PDK: c094b6e83a4f9298e47f696ec5a7fd53535ec5eb
2022-08-30 17:45:05 - [INFO] - {{START}} Precheck Started, the full log 'precheck.log' will be located in '/home/shahid/caravel_user_project_analog/precheck_results/30_AUG_2022___17_45_04/logs'
2022-08-30 17:45:05 - [INFO] - {{PRECHECK SEQUENCE}} Precheck will run the following checks: [License, Makefile, Default, Documentation, Consistency, XOR, Magic DRC, Klayout FEOL, Klayout BEOL, Klayout Offgrid, Klayout Metal Minimum Clear Area Density, Klayout Pin Label Purposes Overlapping Drawing, Klayout ZeroArea]
2022-08-30 17:45:05 - [INFO] - {{STEP UPDATE}} Executing Check 1 of 13: License
2022-08-30 17:45:08 - [INFO] - An approved LICENSE (Apache-2.0) was found in /home/shahid/caravel_user_project_analog.
2022-08-30 17:45:08 - [INFO] - {{MAIN LICENSE CHECK PASSED}} An approved LICENSE was found in project root.
2022-08-30 17:45:11 - [INFO] - An approved LICENSE (Apache-2.0) was found in /home/shahid/caravel_user_project_analog.
2022-08-30 17:45:14 - [INFO] - An approved LICENSE (Apache-2.0) was found in /home/shahid/caravel_user_project_analog.
2022-08-30 17:45:14 - [INFO] - {{SUBMODULES LICENSE CHECK PASSED}} No prohibited LICENSE file(s) was found in project submodules
2022-08-30 17:45:14 - [INFO] - {{SPDX COMPLIANCE CHECK PASSED}} Project is compliant with the SPDX Standard
2022-08-30 17:45:14 - [INFO] - {{STEP UPDATE}} Executing Check 2 of 13: Makefile
2022-08-30 17:45:14 - [INFO] - {{MAKEFILE CHECK PASSED}} Makefile valid.
2022-08-30 17:45:14 - [INFO] - {{STEP UPDATE}} Executing Check 3 of 13: Default
2022-08-30 17:45:14 - [INFO] - {{README DEFAULT CHECK PASSED}} Project 'README.md' was modified and is not identical to the default 'README.md'
2022-08-30 17:45:14 - [INFO] - {{CONTENT DEFAULT CHECK PASSED}} Project 'gds' was modified and is not identical to the default 'gds'
2022-08-30 17:45:14 - [INFO] - {{STEP UPDATE}} Executing Check 4 of 13: Documentation
2022-08-30 17:45:14 - [INFO] - {{DOCUMENTATION CHECK PASSED}} Project documentation is appropriate.
2022-08-30 17:45:14 - [INFO] - {{STEP UPDATE}} Executing Check 5 of 13: Consistency
2022-08-30 17:45:19 - [INFO] - HIERARCHY CHECK PASSED: Module user_analog_project_wrapper is instantiated in caravan. 
2022-08-30 17:45:19 - [INFO] - COMPLEXITY CHECK PASSED: Netlist caravan contains at least 8 instances (68 instances). 
2022-08-30 17:45:19 - [INFO] - MODELING CHECK PASSED: Netlist caravan is structural.
2022-08-30 17:45:19 - [WARNING] - SUBMODULE HOOKS CHECK FAILED: The user power port vccd1 is not connected to the correct power domain in the top level netlist. It is connected to mprj/vccd1 but it should be connected to vccd1_core.
2022-08-30 17:45:19 - [WARNING] - {{NETLIST CONSISTENCY CHECK FAILED}} caravan netlist failed 1 consistency check(s): ['SUBMODULE HOOKS'].
2022-08-30 17:45:19 - [WARNING] - PORTS CHECK FAILED: user_analog_project_wrapper ports do not match the golden wrapper ports. Mismatching ports are : ['gpio_analog[10]', 'gpio_analog[17]', 'gpio_analog[3]', 'gpio_analog[7]', 'io_in[0]', 'io_in[22]', 'io_in[2]', 'io_in[3]', 'io_in[4]', 'io_in[5]', 'io_in[8]', 'io_out[24]', 'io_out[25]', 'io_out[26]', 'io_out[6]', 'vccd1', 'wb_rst_i']
2022-08-30 17:45:19 - [INFO] - COMPLEXITY CHECK PASSED: Netlist user_analog_project_wrapper contains at least 1 instances (2 instances). 
2022-08-30 17:45:19 - [INFO] - MODELING CHECK PASSED: Netlist user_analog_project_wrapper is structural.
2022-08-30 17:45:19 - [INFO] - LAYOUT CHECK PASSED: The GDS layout for user_analog_project_wrapper matches the provided structural netlist.
2022-08-30 17:45:19 - [WARNING] - {{NETLIST CONSISTENCY CHECK FAILED}} user_analog_project_wrapper netlist failed 1 consistency check(s): ['PORTS'].
2022-08-30 17:45:19 - [WARNING] - {{CONSISTENCY CHECK FAILED}} The user netlist and the top netlist are not valid.
2022-08-30 17:45:19 - [INFO] - {{STEP UPDATE}} Executing Check 6 of 13: XOR
2022-08-30 17:45:25 - [INFO] - {{XOR CHECK UPDATE}} Total XOR differences: 0, for more details view /home/shahid/caravel_user_project_analog/precheck_results/30_AUG_2022___17_45_04/outputs/user_analog_project_wrapper.xor.gds
2022-08-30 17:45:25 - [INFO] - {{XOR CHECK PASSED}} The GDS file has no XOR violations.
2022-08-30 17:45:25 - [INFO] - {{STEP UPDATE}} Executing Check 7 of 13: Magic DRC
2022-08-30 17:45:25 - [INFO] - 0 DRC violations
2022-08-30 17:45:25 - [INFO] - {{MAGIC DRC CHECK PASSED}} The GDS file, user_analog_project_wrapper.gds, has no DRC violations.
2022-08-30 17:45:25 - [INFO] - {{STEP UPDATE}} Executing Check 8 of 13: Klayout FEOL
2022-08-30 17:45:35 - [INFO] - No DRC Violations found
2022-08-30 17:45:35 - [INFO] - {{Klayout FEOL CHECK PASSED}} The GDS file, user_analog_project_wrapper.gds, has no DRC violations.
2022-08-30 17:45:35 - [INFO] - {{STEP UPDATE}} Executing Check 9 of 13: Klayout BEOL
2022-08-30 17:46:00 - [INFO] - No DRC Violations found
2022-08-30 17:46:00 - [INFO] - {{Klayout BEOL CHECK PASSED}} The GDS file, user_analog_project_wrapper.gds, has no DRC violations.
2022-08-30 17:46:00 - [INFO] - {{STEP UPDATE}} Executing Check 10 of 13: Klayout Offgrid
2022-08-30 17:46:10 - [INFO] - No DRC Violations found
2022-08-30 17:46:10 - [INFO] - {{Klayout Offgrid CHECK PASSED}} The GDS file, user_analog_project_wrapper.gds, has no DRC violations.
2022-08-30 17:46:10 - [INFO] - {{STEP UPDATE}} Executing Check 11 of 13: Klayout Metal Minimum Clear Area Density
2022-08-30 17:46:13 - [INFO] - No DRC Violations found
2022-08-30 17:46:13 - [INFO] - {{Klayout Metal Minimum Clear Area Density CHECK PASSED}} The GDS file, user_analog_project_wrapper.gds, has no DRC violations.
2022-08-30 17:46:13 - [INFO] - {{STEP UPDATE}} Executing Check 12 of 13: Klayout Pin Label Purposes Overlapping Drawing
2022-08-30 17:46:17 - [INFO] - No DRC Violations found
2022-08-30 17:46:17 - [INFO] - {{Klayout Pin Label Purposes Overlapping Drawing CHECK PASSED}} The GDS file, user_analog_project_wrapper.gds, has no DRC violations.
2022-08-30 17:46:17 - [INFO] - {{STEP UPDATE}} Executing Check 13 of 13: Klayout ZeroArea
2022-08-30 17:46:19 - [INFO] - No DRC Violations found
2022-08-30 17:46:19 - [INFO] - {{Klayout ZeroArea CHECK PASSED}} The GDS file, user_analog_project_wrapper.gds, has no DRC violations.
2022-08-30 17:46:19 - [INFO] - {{FINISH}} Executing Finished, the full log 'precheck.log' can be found in '/home/shahid/caravel_user_project_analog/precheck_results/30_AUG_2022___17_45_04/logs'
2022-08-30 17:46:19 - [CRITICAL] - {{FAILURE}} 1 Check(s) Failed: ['Consistency'] !!!
